Started GET "/" for 127.0.0.1 at 2020-01-12 00:36:00 -0300
  
ActiveRecord::PendingMigrationError (

Migrations are pending. To resolve this issue, run:

        bin/rails db:migrate RAILS_ENV=development

):
  
activerecord (5.2.3) lib/active_record/migration.rb:579:in `check_pending!'
activerecord (5.2.3) lib/active_record/migration.rb:556:in `call'
actionpack (5.2.3) lib/action_dispatch/middleware/callbacks.rb:28:in `block in call'
activesupport (5.2.3) lib/active_support/callbacks.rb:98:in `run_callbacks'
actionpack (5.2.3) lib/action_dispatch/middleware/callbacks.rb:26:in `call'
actionpack (5.2.3) lib/action_dispatch/middleware/executor.rb:14:in `call'
actionpack (5.2.3) lib/action_dispatch/middleware/debug_exceptions.rb:61:in `call'
actionpack (5.2.3) lib/action_dispatch/middleware/show_exceptions.rb:33:in `call'
railties (5.2.3) lib/rails/rack/logger.rb:38:in `call_app'
railties (5.2.3) lib/rails/rack/logger.rb:26:in `block in call'
activesupport (5.2.3) lib/active_support/tagged_logging.rb:71:in `block in tagged'
activesupport (5.2.3) lib/active_support/tagged_logging.rb:28:in `tagged'
activesupport (5.2.3) lib/active_support/tagged_logging.rb:71:in `tagged'
railties (5.2.3) lib/rails/rack/logger.rb:26:in `call'
sprockets-rails (3.2.1) lib/sprockets/rails/quiet_assets.rb:13:in `call'
actionpack (5.2.3) lib/action_dispatch/middleware/remote_ip.rb:81:in `call'
actionpack (5.2.3) lib/action_dispatch/middleware/request_id.rb:27:in `call'
rack (2.0.7) lib/rack/method_override.rb:22:in `call'
rack (2.0.7) lib/rack/runtime.rb:22:in `call'
activesupport (5.2.3) lib/active_support/cache/strategy/local_cache_middleware.rb:29:in `call'
actionpack (5.2.3) lib/action_dispatch/middleware/executor.rb:14:in `call'
actionpack (5.2.3) lib/action_dispatch/middleware/static.rb:127:in `call'
rack (2.0.7) lib/rack/sendfile.rb:111:in `call'
railties (5.2.3) lib/rails/engine.rb:524:in `call'
puma (3.12.2) lib/puma/configuration.rb:227:in `call'
puma (3.12.2) lib/puma/server.rb:674:in `handle_request'
puma (3.12.2) lib/puma/server.rb:476:in `process_client'
puma (3.12.2) lib/puma/server.rb:334:in `block in run'
puma (3.12.2) lib/puma/thread_pool.rb:135:in `block in spawn_thread'
  [1m[35m (0.2ms)[0m  [1m[34mSELECT sqlite_version(*)[0m
  ↳ bin/rails:4
  [1m[35m (170.3ms)[0m  [1m[35mCREATE TABLE "schema_migrations" ("version" varchar NOT NULL PRIMARY KEY)[0m
  ↳ bin/rails:4
  [1m[35m (189.2ms)[0m  [1m[35mCREATE TABLE "ar_internal_metadata" ("key" varchar NOT NULL PRIMARY KEY, "value" varchar, "created_at" datetime NOT NULL, "updated_at" datetime NOT NULL)[0m
  ↳ bin/rails:4
  [1m[35m (0.4ms)[0m  [1m[34mSELECT "schema_migrations"."version" FROM "schema_migrations" ORDER BY "schema_migrations"."version" ASC[0m
  ↳ bin/rails:4
Migrating to CreateManufacturers (20191210193814)
  [1m[35m (0.1ms)[0m  [1m[36mbegin transaction[0m
  ↳ bin/rails:4
  [1m[35m (0.6ms)[0m  [1m[35mCREATE TABLE "manufacturers" ("id" integer PRIMARY KEY AUTOINCREMENT NOT NULL, "name" varchar, "created_at" datetime NOT NULL, "updated_at" datetime NOT NULL)[0m
  ↳ db/migrate/20191210193814_create_manufacturers.rb:3
  [1m[36mActiveRecord::SchemaMigration Create (0.3ms)[0m  [1m[32mINSERT INTO "schema_migrations" ("version") VALUES (?)[0m  [["version", "20191210193814"]]
  ↳ bin/rails:4
  [1m[35m (180.0ms)[0m  [1m[36mcommit transaction[0m
  ↳ bin/rails:4
  [1m[36mActiveRecord::InternalMetadata Load (0.4ms)[0m  [1m[34mSELECT  "ar_internal_metadata".* FROM "ar_internal_metadata" WHERE "ar_internal_metadata"."key" = ? LIMIT ?[0m  [["key", "environment"], ["LIMIT", 1]]
  ↳ bin/rails:4
  [1m[35m (0.1ms)[0m  [1m[36mbegin transaction[0m
  ↳ bin/rails:4
  [1m[36mActiveRecord::InternalMetadata Create (0.5ms)[0m  [1m[32mINSERT INTO "ar_internal_metadata" ("key", "value", "created_at", "updated_at") VALUES (?, ?, ?, ?)[0m  [["key", "environment"], ["value", "development"], ["created_at", "2020-01-12 03:36:25.251876"], ["updated_at", "2020-01-12 03:36:25.251876"]]
  ↳ bin/rails:4
  [1m[35m (132.7ms)[0m  [1m[36mcommit transaction[0m
  ↳ bin/rails:4
  [1m[35m (0.4ms)[0m  [1m[34mSELECT "schema_migrations"."version" FROM "schema_migrations" ORDER BY "schema_migrations"."version" ASC[0m
  ↳ bin/rails:4
Started GET "/" for 127.0.0.1 at 2020-01-12 00:36:49 -0300
  [1m[35m (0.3ms)[0m  [1m[34mSELECT "schema_migrations"."version" FROM "schema_migrations" ORDER BY "schema_migrations"."version" ASC[0m
  ↳ /usr/share/rvm/gems/ruby-2.6.3/gems/activerecord-5.2.3/lib/active_record/log_subscriber.rb:98
Processing by HomeController#index as HTML
  Rendering home/index.html.erb within layouts/application
  Rendered home/index.html.erb within layouts/application (1.4ms)
Completed 200 OK in 627ms (Views: 617.2ms | ActiveRecord: 0.0ms)


Started GET "/manufacturers" for 127.0.0.1 at 2020-01-12 00:36:53 -0300
Processing by ManufacturersController#index as HTML
  Rendering manufacturers/index.html.erb within layouts/application
  [1m[36mManufacturer Load (0.3ms)[0m  [1m[34mSELECT "manufacturers".* FROM "manufacturers"[0m
  ↳ app/views/manufacturers/index.html.erb:3
  Rendered manufacturers/index.html.erb within layouts/application (9.6ms)
Completed 200 OK in 45ms (Views: 37.2ms | ActiveRecord: 1.0ms)


Started GET "/manufacturers/new" for 127.0.0.1 at 2020-01-12 00:36:58 -0300
Processing by ManufacturersController#new as HTML
  Rendering manufacturers/new.html.erb within layouts/application
  Rendered manufacturers/new.html.erb within layouts/application (56.4ms)
Completed 200 OK in 103ms (Views: 90.1ms | ActiveRecord: 0.8ms)


Started POST "/manufacturers" for 127.0.0.1 at 2020-01-12 00:37:02 -0300
Processing by ManufacturersController#create as HTML
  Parameters: {"utf8"=>"✓", "authenticity_token"=>"p0g1ujrfdG9tciTh4U9YZ1H64dPsuqbpfZtGCKEZqgiMIqclXvafwWhX/QCjMxXMWjyVTwUIvWq5Wady+7wbGQ==", "manufacturer"=>{"name"=>"fiat"}, "commit"=>"Enviar"}
  [1m[35m (0.1ms)[0m  [1m[36mbegin transaction[0m
  ↳ app/controllers/manufacturers_controller.rb:20
  [1m[36mManufacturer Create (0.5ms)[0m  [1m[32mINSERT INTO "manufacturers" ("name", "created_at", "updated_at") VALUES (?, ?, ?)[0m  [["name", "fiat"], ["created_at", "2020-01-12 03:37:02.540006"], ["updated_at", "2020-01-12 03:37:02.540006"]]
  ↳ app/controllers/manufacturers_controller.rb:20
  [1m[35m (248.7ms)[0m  [1m[36mcommit transaction[0m
  ↳ app/controllers/manufacturers_controller.rb:20
Redirected to http://127.0.0.1:3000/manufacturers/1
Completed 302 Found in 258ms (ActiveRecord: 249.3ms)


Started GET "/manufacturers/1" for 127.0.0.1 at 2020-01-12 00:37:02 -0300
Processing by ManufacturersController#show as HTML
  Parameters: {"id"=>"1"}
  [1m[36mManufacturer Load (0.7ms)[0m  [1m[34mSELECT  "manufacturers".* FROM "manufacturers" WHERE "manufacturers"."id" = ? LIMIT ?[0m  [["id", 1], ["LIMIT", 1]]
  ↳ app/controllers/manufacturers_controller.rb:7
  Rendering manufacturers/show.html.erb within layouts/application
  Rendered manufacturers/show.html.erb within layouts/application (3.0ms)
Completed 200 OK in 50ms (Views: 28.8ms | ActiveRecord: 0.7ms)


Started GET "/" for 127.0.0.1 at 2020-01-12 00:37:05 -0300
Processing by HomeController#index as HTML
  Rendering home/index.html.erb within layouts/application
  Rendered home/index.html.erb within layouts/application (0.9ms)
Completed 200 OK in 32ms (Views: 31.1ms | ActiveRecord: 0.0ms)


Started GET "/manufacturers" for 127.0.0.1 at 2020-01-12 00:37:06 -0300
Processing by ManufacturersController#index as HTML
  Rendering manufacturers/index.html.erb within layouts/application
  [1m[36mManufacturer Load (0.2ms)[0m  [1m[34mSELECT "manufacturers".* FROM "manufacturers"[0m
  ↳ app/views/manufacturers/index.html.erb:3
  Rendered manufacturers/index.html.erb within layouts/application (2.3ms)
Completed 200 OK in 26ms (Views: 24.6ms | ActiveRecord: 0.2ms)


Started GET "/manufacturers/1" for 127.0.0.1 at 2020-01-12 00:37:08 -0300
Processing by ManufacturersController#show as HTML
  Parameters: {"id"=>"1"}
  [1m[36mManufacturer Load (0.2ms)[0m  [1m[34mSELECT  "manufacturers".* FROM "manufacturers" WHERE "manufacturers"."id" = ? LIMIT ?[0m  [["id", 1], ["LIMIT", 1]]
  ↳ app/controllers/manufacturers_controller.rb:7
  Rendering manufacturers/show.html.erb within layouts/application
  Rendered manufacturers/show.html.erb within layouts/application (2.3ms)
Completed 200 OK in 36ms (Views: 33.0ms | ActiveRecord: 0.2ms)


Started GET "/manufacturers/1/edit" for 127.0.0.1 at 2020-01-12 00:37:09 -0300
Processing by ManufacturersController#edit as HTML
  Parameters: {"id"=>"1"}
  [1m[36mManufacturer Load (0.2ms)[0m  [1m[34mSELECT  "manufacturers".* FROM "manufacturers" WHERE "manufacturers"."id" = ? LIMIT ?[0m  [["id", 1], ["LIMIT", 1]]
  ↳ app/controllers/manufacturers_controller.rb:15
  Rendering manufacturers/edit.html.erb within layouts/application
  Rendered manufacturers/edit.html.erb within layouts/application (2.1ms)
Completed 200 OK in 37ms (Views: 34.5ms | ActiveRecord: 0.2ms)


Started PATCH "/manufacturers/1" for 127.0.0.1 at 2020-01-12 00:37:13 -0300
Processing by ManufacturersController#update as HTML
  Parameters: {"utf8"=>"✓", "authenticity_token"=>"zYVobR92TP9LFEUQFdREjm5POWHOdfIhFboZ/0wS1h+5iCXGJnDX2uE+2Ut/9IWiLcuFJ+qWy7JXlFnDCxB4sA==", "manufacturer"=>{"name"=>"bmw"}, "commit"=>"Enviar", "id"=>"1"}
  [1m[36mManufacturer Load (0.2ms)[0m  [1m[34mSELECT  "manufacturers".* FROM "manufacturers" WHERE "manufacturers"."id" = ? LIMIT ?[0m  [["id", 1], ["LIMIT", 1]]
  ↳ app/controllers/manufacturers_controller.rb:30
  [1m[35m (0.1ms)[0m  [1m[36mbegin transaction[0m
  ↳ app/controllers/manufacturers_controller.rb:31
  [1m[36mManufacturer Update (0.4ms)[0m  [1m[33mUPDATE "manufacturers" SET "name" = ?, "updated_at" = ? WHERE "manufacturers"."id" = ?[0m  [["name", "bmw"], ["updated_at", "2020-01-12 03:37:13.506290"], ["id", 1]]
  ↳ app/controllers/manufacturers_controller.rb:31
  [1m[35m (223.8ms)[0m  [1m[36mcommit transaction[0m
  ↳ app/controllers/manufacturers_controller.rb:31
Redirected to http://127.0.0.1:3000/manufacturers/1
Completed 302 Found in 234ms (ActiveRecord: 224.5ms)


Started GET "/manufacturers/1" for 127.0.0.1 at 2020-01-12 00:37:13 -0300
Processing by ManufacturersController#show as HTML
  Parameters: {"id"=>"1"}
  [1m[36mManufacturer Load (0.3ms)[0m  [1m[34mSELECT  "manufacturers".* FROM "manufacturers" WHERE "manufacturers"."id" = ? LIMIT ?[0m  [["id", 1], ["LIMIT", 1]]
  ↳ app/controllers/manufacturers_controller.rb:7
  Rendering manufacturers/show.html.erb within layouts/application
  Rendered manufacturers/show.html.erb within layouts/application (1.0ms)
Completed 200 OK in 28ms (Views: 25.3ms | ActiveRecord: 0.3ms)


Started GET "/" for 127.0.0.1 at 2020-01-12 00:37:15 -0300
Processing by HomeController#index as HTML
  Rendering home/index.html.erb within layouts/application
  Rendered home/index.html.erb within layouts/application (0.9ms)
Completed 200 OK in 26ms (Views: 24.2ms | ActiveRecord: 0.0ms)


Started GET "/manufacturers" for 127.0.0.1 at 2020-01-12 00:37:16 -0300
Processing by ManufacturersController#index as HTML
  Rendering manufacturers/index.html.erb within layouts/application
  [1m[36mManufacturer Load (0.2ms)[0m  [1m[34mSELECT "manufacturers".* FROM "manufacturers"[0m
  ↳ app/views/manufacturers/index.html.erb:3
  Rendered manufacturers/index.html.erb within layouts/application (3.3ms)
Completed 200 OK in 63ms (Views: 60.8ms | ActiveRecord: 0.2ms)


